{
  "RSpec": {
    "coverage": {
      "/Users/apprentice/flight-app/app/helpers/application_helper.rb": [
        1,
        null
      ],
      "/Users/apprentice/flight-app/app/models/flight.rb": [
        1,
        1,
        null,
        1,
        null
      ],
      "/Users/apprentice/flight-app/app/models/business.rb": [
        1,
        1,
        1,
        null,
        1,
        null
      ],
      "/Users/apprentice/flight-app/app/controllers/application_controller.rb": [
        0,
        0,
        0,
        0,
        0
      ],
      "/Users/apprentice/flight-app/app/controllers/flights_controller.rb": [
        0,
        0,
        0,
        0,
        0,
        0,
        0,
        0,
        0,
        0,
        0,
        0
      ],
      "/Users/apprentice/flight-app/app/controllers/pages_controller.rb": [
        0,
        0,
        0,
        0
      ],
      "/Users/apprentice/flight-app/app/models/search_form.rb": [
        0,
        0,
        0,
        0,
        0,
        0,
        0,
        0,
        0,
        0,
        0,
        0,
        0,
        0,
        0,
        0,
        0,
        0,
        0,
        0,
        0,
        0,
        0,
        0,
        0,
        0,
        0,
        0,
        0,
        0,
        0,
        0,
        0,
        0
      ]
    },
    "timestamp": 1471030214
  }
}
